<?xml version="1.0" encoding="UTF-8"?>
<!-- Generated by org.testng.reporters.JUnitXMLReporter -->
<testsuite ignored="0" hostname="DESKTOP-OA6446K" failures="0" tests="6" name="Test1" time="36.691" errors="0" timestamp="2024-05-20T11:33:54 IST">
  <testcase classname="testNgFashion.Ajio" name="ajio" time="6.377"/>
  <testcase classname="testNgFashion.Myntra" name="myntra" time="7.229"/>
  <testcase classname="TestNgBatchExecution.MakeMyTrip" name="makeMake" time="6.319"/>
  <testcase classname="TestNgBatchExecution.AbhiAbhi" name="abhiBus" time="5.448"/>
  <testcase classname="TestNgBatchExecution.Dws" name="dwsLogin" time="5.778"/>
  <testcase classname="testNgFashion.Flipkart" name="flipkart" time="5.494"/>
</testsuite> <!-- Test1 -->
